2026-06-22 21:59:23 | INFO | ==================================================
2026-06-22 21:59:23 | INFO | NLP Training Lab — BERT News Classification
2026-06-22 21:59:23 | INFO | ==================================================
2026-06-22 21:59:23 | INFO | Config: experiment:
  name: exp002_bert_base_400samples
  seed: 42
data:
  csv_path: data/raw/news.csv
  text_col: text
  label_col: label
  num_labels: 4
  max_length: 128
  test_size: 0.2
  val_size: 0.15
model:
  model_name: bert-base-chinese
training:
  batch_size: 16
  epochs: 5
  learning_rate: 2.0e-05
  adam_epsilon: 1.0e-08
  weight_decay: 0.01
  max_grad_norm: 1.0
  warmup_ratio: 0.1
  early_stopping_patience: 2
system:
  output_dir: outputs
  checkpoint_dir: outputs/checkpoints
  log_dir: outputs/logs
  figure_dir: outputs/figures
  device: auto
  num_workers: 2
logging:
  log_level: INFO
  log_interval: 10
  save_figures: true

2026-06-22 21:59:23 | INFO | Random seed set to 42
2026-06-22 21:59:23 | INFO | Device: cuda
2026-06-22 21:59:23 | INFO | Loading tokenizer...
2026-06-22 21:59:26 | INFO | Loading dataset from data/raw/news.csv...
2026-06-22 21:59:27 | INFO | Labels: {'体育': 0, '娱乐': 1, '科技': 2, '财经': 3}
2026-06-22 21:59:27 | INFO | Train samples: 340, Val samples: 59
2026-06-22 21:59:27 | INFO | Building model: bert-base-chinese
2026-06-22 21:59:29 | INFO | Model parameters: 102,270,724
2026-06-22 21:59:29 | INFO | Using device: cuda
2026-06-22 21:59:29 | INFO | Start training for 5 epochs
2026-06-22 21:59:29 | INFO | Train batches: 22, Val batches: 4
2026-06-22 21:59:29 | INFO | ==================== Epoch 1/5 ====================
2026-06-22 22:06:37 | INFO | Epoch 1 | Train Loss: 1.1415 | Val Accuracy: 0.9661
2026-06-22 22:06:38 | INFO | Checkpoint saved to outputs/checkpoints/best_model
2026-06-22 22:06:38 | INFO | ★ New best model saved with accuracy 0.9661
2026-06-22 22:06:38 | INFO | ==================== Epoch 2/5 ====================
2026-06-22 22:28:44 | INFO | Epoch 2 | Train Loss: 0.2976 | Val Accuracy: 0.9831
2026-06-22 22:28:45 | INFO | Checkpoint saved to outputs/checkpoints/best_model
2026-06-22 22:28:45 | INFO | ★ New best model saved with accuracy 0.9831
2026-06-22 22:28:45 | INFO | ==================== Epoch 3/5 ====================
2026-06-22 22:32:04 | INFO | Epoch 3 | Train Loss: 0.0745 | Val Accuracy: 0.9831
2026-06-22 22:32:04 | INFO | ==================== Epoch 4/5 ====================
2026-06-22 22:35:06 | INFO | Epoch 4 | Train Loss: 0.0345 | Val Accuracy: 0.9831
2026-06-22 22:35:06 | INFO | ==================== Epoch 5/5 ====================
2026-06-22 22:38:13 | INFO | Epoch 5 | Train Loss: 0.0249 | Val Accuracy: 1.0000
2026-06-22 22:38:13 | INFO | Checkpoint saved to outputs/checkpoints/best_model
2026-06-22 22:38:13 | INFO | ★ New best model saved with accuracy 1.0000
2026-06-22 22:38:14 | INFO | Training curves saved to outputs/figures/training_curves.png
2026-06-22 22:38:14 | INFO | Training complete! Best accuracy: 1.0000
2026-06-22 22:38:14 | INFO | 
==================================================
2026-06-22 22:38:14 | INFO | Training complete!
2026-06-22 22:38:14 | INFO | Best validation accuracy: 1.0000
2026-06-22 22:38:14 | INFO | ==================================================
2026-06-22 22:38:14 | INFO | Run inference: python src/inference/predict.py --text "国足今晚迎战日本队"
